<?xml version="1.0" encoding="UTF-8"?>
<robot generator="Robot 5.0 (Python 3.10.4 on darwin)" generated="20220430 23:55:35.701" rpa="false" schemaversion="3">
<suite id="s1" name="Tests" source="/Users/celestibhandari/PycharmProjects/pythonProject/Tests">
<suite id="s1-s1" name="Product 3" source="/Users/celestibhandari/PycharmProjects/pythonProject/Tests/Product 3">
<suite id="s1-s1-s1" name="Radiobuttons" source="/Users/celestibhandari/PycharmProjects/pythonProject/Tests/Product 3/Radiobuttons.robot">
<test id="s1-s1-s1-t1" name="Testing Radio Buttons and check boxes" line="9">
<kw name="Open Browser" library="SeleniumLibrary">
<arg>${url}</arg>
<arg>${browsers}</arg>
<doc>Opens a new browser instance to the optional ``url``.</doc>
<msg timestamp="20220430 23:55:36.104" level="INFO">Opening browser 'chrome' to base url 'https://demoqa.com/automation-practice-form'.</msg>
<status status="PASS" starttime="20220430 23:55:36.104" endtime="20220430 23:55:43.197"/>
</kw>
<kw name="Maximize Browser Window" library="SeleniumLibrary">
<doc>Maximizes current browser window.</doc>
<status status="PASS" starttime="20220430 23:55:43.199" endtime="20220430 23:55:43.730"/>
</kw>
<kw name="Select Radio Button" library="SeleniumLibrary">
<arg>"gender"</arg>
<arg>"Female"</arg>
<doc>Sets the radio button group ``group_name`` to ``value``.</doc>
<msg timestamp="20220430 23:55:43.734" level="INFO">Selecting '"Female"' from radio button '"gender"'.</msg>
<msg timestamp="20220430 23:55:44.724" level="INFO" html="true">&lt;/td&gt;&lt;/tr&gt;&lt;tr&gt;&lt;td colspan="3"&gt;&lt;a href="selenium-screenshot-3.png"&gt;&lt;img src="selenium-screenshot-3.png" width="800px"&gt;&lt;/a&gt;</msg>
<msg timestamp="20220430 23:55:44.726" level="FAIL">No radio button with name '"gender"' and value '"Female"' found.</msg>
<status status="FAIL" starttime="20220430 23:55:43.732" endtime="20220430 23:55:44.731"/>
</kw>
<status status="FAIL" starttime="20220430 23:55:36.102" endtime="20220430 23:55:44.732">No radio button with name '"gender"' and value '"Female"' found.</status>
</test>
<status status="FAIL" starttime="20220430 23:55:35.748" endtime="20220430 23:55:44.733"/>
</suite>
<status status="FAIL" starttime="20220430 23:55:35.744" endtime="20220430 23:55:44.736"/>
</suite>
<status status="FAIL" starttime="20220430 23:55:35.704" endtime="20220430 23:55:44.738"/>
</suite>
<statistics>
<total>
<stat pass="0" fail="1" skip="0">All Tests</stat>
</total>
<tag>
</tag>
<suite>
<stat pass="0" fail="1" skip="0" id="s1" name="Tests">Tests</stat>
<stat pass="0" fail="1" skip="0" id="s1-s1" name="Product 3">Tests.Product 3</stat>
<stat pass="0" fail="1" skip="0" id="s1-s1-s1" name="Radiobuttons">Tests.Product 3.Radiobuttons</stat>
</suite>
</statistics>
<errors>
</errors>
</robot>
